<?xml version="1.0" encoding="UTF-8"?>
<testng-results ignored="0" total="1" passed="1" failed="0" skipped="0">
  <reporter-output>
  </reporter-output>
  <suite started-at="2022-08-25T22:31:05 WAT" name="Default suite" finished-at="2022-08-25T22:32:20 WAT" duration-ms="75243">
    <groups>
    </groups>
    <test started-at="2022-08-25T22:31:05 WAT" name="Default test" finished-at="2022-08-25T22:32:20 WAT" duration-ms="75243">
      <class name="adeoluogungbesan.eCommerce_tc_01">
        <test-method is-config="true" signature="CofigureDriver()[pri:0, instance:adeoluogungbesan.eCommerce_tc_01@1d9b7cce]" started-at="2022-08-25T22:31:05 WAT" name="CofigureDriver" finished-at="2022-08-25T22:31:20 WAT" duration-ms="14731" status="PASS">
          <reporter-output>
          </reporter-output>
        </test-method> <!-- CofigureDriver -->
        <test-method signature="fillForm()[pri:0, instance:adeoluogungbesan.eCommerce_tc_01@1d9b7cce]" started-at="2022-08-25T22:31:20 WAT" name="fillForm" finished-at="2022-08-25T22:32:17 WAT" duration-ms="56562" status="PASS">
          <reporter-output>
          </reporter-output>
        </test-method> <!-- fillForm -->
        <test-method is-config="true" signature="TearDown()[pri:0, instance:adeoluogungbesan.eCommerce_tc_01@1d9b7cce]" started-at="2022-08-25T22:32:17 WAT" name="TearDown" finished-at="2022-08-25T22:32:20 WAT" duration-ms="3863" status="PASS">
          <reporter-output>
          </reporter-output>
        </test-method> <!-- TearDown -->
      </class> <!-- adeoluogungbesan.eCommerce_tc_01 -->
    </test> <!-- Default test -->
  </suite> <!-- Default suite -->
</testng-results>
